import unittest
import calculator  # Import the module you want to test

class TestCalculatorFunctions(unittest.TestCase):

    def test_add(self):
        self.assertEqual(calculator.add(2, 3), 5)
    
    def test_subtract(self):
        self.assertEqual(calculator.subtract(5, 3), 2)
    
    # Add more test cases for other functions
    
if __name__ == '__main__':
    unittest.main()

