<?xml version="1.0" encoding="UTF-8"?>
<testsuites>
  <testsuite name="TestCalculatorFunctions" tests="2" errors="0" failures="0" skipped="0">
    <testcase classname="TestCalculatorFunctions" name="test_add" time="0.001"/>
    <testcase classname="TestCalculatorFunctions" name="test_subtract" time="0.001"/>
  </testsuite>
</testsuites>



