<?xml version="1.0" encoding="UTF-8"?>
<testsuites>
  <testsuite name="CalculatorTestSuite">
    <!-- Test cases for the add function -->
    <testcase name="test_add_positive_numbers" classname="TestCalculatorFunctions">
      <properties>
        <property name="test_description">Testing addition of positive numbers</property>
      </properties>
    </testcase>
    
    <!-- Test cases for the subtract function -->
    <testcase name="test_subtract_positive_numbers" classname="TestCalculatorFunctions">
      <properties>
        <property name="test_description">Testing subtraction of positive numbers</property>
      </properties>
    </testcase>
    
    <!-- Add more testcase elements for other functions -->
    
    <!-- Test cases for the divide function -->
    <testcase name="test_divide_positive_numbers" classname="TestCalculatorFunctions">
      <properties>
        <property name="test_description">Testing division of positive numbers</property>
      </properties>
    </testcase>
    
    <!-- Test cases for the square_root function -->
    <testcase name="test_square_root_positive_number" classname="TestCalculatorFunctions">
      <properties>
        <property name="test_description">Testing square root of a positive number</property>
      </properties>
    </testcase>
    
    <!-- Test cases for the exponentiation function -->
    <testcase name="test_exponentiation_positive_numbers" classname="TestCalculatorFunctions">
      <properties>
        <property name="test_description">Testing exponentiation of positive numbers</property>
      </properties>
    </testcase>
    
    <!-- Test cases for the sine function -->
    <testcase name="test_sine_positive_angle" classname="TestCalculatorFunctions">
      <properties>
        <property name="test_description">Testing sine of a positive angle</property>
      </properties>
    </testcase>
    
    <!-- Test cases for the cosine function -->
    <testcase name="test_cosine_positive_angle" classname="TestCalculatorFunctions">
      <properties>
        <property name="test_description">Testing cosine of a positive angle</property>
      </properties>
    </testcase>
    
    <!-- Test cases for the tangent function -->
    <testcase name="test_tangent_positive_angle" classname="TestCalculatorFunctions">
      <properties>
        <property name="test_description">Testing tangent of a positive angle</property>
      </properties>
    </testcase>
  </testsuite>
</testsuites>




