

import math
import unittest


def add(x, y):
    return x + y

# ... other functions ...

class TestCalculatorFunctions(unittest.TestCase):

    def test_add(self):
        self.assertEqual(add(2, 3), 5)

    def test_subtract(self):
        self.assertEqual(subtract(5, 2), 3)

    # ... other test methods ...

if __name__ == '__main__':
    # Create a test suite
    test_suite = unittest.TestLoader().loadTestsFromTestCase(TestCalculatorFunctions)
    
    # Run the tests and generate JUnit XML report
    runner = xmlrunner.XMLTestRunner(output='test-reports')
    runner.run(test_suite)
